0 info it worked if it ends with ok
1 verbose cli [ 'C:\\Program Files (x86)\\nodejs\\node.exe',
1 verbose cli   'C:\\Program Files (x86)\\nodejs\\node_modules\\npm\\bin\\npm-cli.js',
1 verbose cli   'install',
1 verbose cli   '--save',
1 verbose cli   'ngCordova' ]
2 info using npm@2.11.3
3 info using node@v6.9.2
4 verbose install initial load of C:\Users\RanKey\Desktop\ionic\images\package.json
5 warn package.json images@1.1.1 No repository field.
6 warn package.json images@1.1.1 No README data
7 warn package.json images@1.1.1 No license field.
8 verbose installManyTop reading scoped package data from C:\Users\RanKey\Desktop\ionic\images\node_modules\bower\package.json
9 verbose installManyTop reading scoped package data from C:\Users\RanKey\Desktop\ionic\images\node_modules\gulp\package.json
10 verbose installManyTop reading scoped package data from C:\Users\RanKey\Desktop\ionic\images\node_modules\gulp-concat\package.json
11 verbose installManyTop reading scoped package data from C:\Users\RanKey\Desktop\ionic\images\node_modules\gulp-minify-css\package.json
12 verbose installManyTop reading scoped package data from C:\Users\RanKey\Desktop\ionic\images\node_modules\gulp-rename\package.json
13 verbose installManyTop reading scoped package data from C:\Users\RanKey\Desktop\ionic\images\node_modules\gulp-sass\package.json
14 verbose installManyTop reading scoped package data from C:\Users\RanKey\Desktop\ionic\images\node_modules\gulp-util\package.json
15 verbose installManyTop reading scoped package data from C:\Users\RanKey\Desktop\ionic\images\node_modules\shelljs\package.json
16 info package.json gulp-minify-css@0.3.13 No license field.
17 info package.json gulp-rename@1.2.2 No license field.
18 info package.json shelljs@0.3.0 license should be a valid SPDX license expression
19 info package.json gulp-util@2.2.20 No license field.
20 verbose readDependencies loading dependencies from C:\Users\RanKey\Desktop\ionic\images\package.json
21 silly cache add args [ 'ngCordova', null ]
22 verbose cache add spec ngCordova
23 silly cache add parsed spec Result {
23 silly cache add   raw: 'ngCordova',
23 silly cache add   scope: null,
23 silly cache add   name: 'ngCordova',
23 silly cache add   rawSpec: '',
23 silly cache add   spec: '*',
23 silly cache add   type: 'range' }
24 silly addNamed ngCordova@*
25 verbose addNamed "*" is a valid semver range for ngCordova
26 silly addNameRange { name: 'ngCordova', range: '*', hasData: false }
27 silly mapToRegistry name ngCordova
28 silly mapToRegistry using default registry
29 silly mapToRegistry registry https://registry.npmjs.org/
30 silly mapToRegistry uri https://registry.npmjs.org/ngCordova
31 verbose addNameRange registry:https://registry.npmjs.org/ngCordova not in flight; fetching
32 verbose request uri https://registry.npmjs.org/ngCordova
33 verbose request no auth needed
34 info attempt registry request try #1 at 00:15:43
35 verbose request id 2a24d7e7d693006c
36 http request GET https://registry.npmjs.org/ngCordova
37 http 404 https://registry.npmjs.org/ngCordova
38 verbose headers { 'content-type': 'application/json',
38 verbose headers   'cache-control': 'max-age=0',
38 verbose headers   'content-length': '2',
38 verbose headers   'accept-ranges': 'bytes',
38 verbose headers   date: 'Mon, 19 Dec 2016 05:15:45 GMT',
38 verbose headers   via: '1.1 varnish',
38 verbose headers   age: '0',
38 verbose headers   connection: 'keep-alive',
38 verbose headers   'x-served-by': 'cache-iad2135-IAD',
38 verbose headers   'x-cache': 'MISS',
38 verbose headers   'x-cache-hits': '0',
38 verbose headers   'x-timer': 'S1482124545.091678,VS0,VE61',
38 verbose headers   vary: 'Accept-Encoding' }
39 silly get cb [ 404,
39 silly get   { 'content-type': 'application/json',
39 silly get     'cache-control': 'max-age=0',
39 silly get     'content-length': '2',
39 silly get     'accept-ranges': 'bytes',
39 silly get     date: 'Mon, 19 Dec 2016 05:15:45 GMT',
39 silly get     via: '1.1 varnish',
39 silly get     age: '0',
39 silly get     connection: 'keep-alive',
39 silly get     'x-served-by': 'cache-iad2135-IAD',
39 silly get     'x-cache': 'MISS',
39 silly get     'x-cache-hits': '0',
39 silly get     'x-timer': 'S1482124545.091678,VS0,VE61',
39 silly get     vary: 'Accept-Encoding' } ]
40 verbose stack Error: Registry returned 404 for GET on https://registry.npmjs.org/ngCordova
40 verbose stack     at CachingRegistryClient.<anonymous> (C:\Program Files (x86)\nodejs\node_modules\npm\node_modules\npm-registry-client\lib\request.js:239:14)
40 verbose stack     at Request._callback (C:\Program Files (x86)\nodejs\node_modules\npm\node_modules\npm-registry-client\lib\request.js:170:14)
40 verbose stack     at Request.self.callback (C:\Program Files (x86)\nodejs\node_modules\npm\node_modules\request\request.js:354:22)
40 verbose stack     at emitTwo (events.js:106:13)
40 verbose stack     at Request.emit (events.js:191:7)
40 verbose stack     at Request.<anonymous> (C:\Program Files (x86)\nodejs\node_modules\npm\node_modules\request\request.js:1207:14)
40 verbose stack     at emitOne (events.js:101:20)
40 verbose stack     at Request.emit (events.js:188:7)
40 verbose stack     at IncomingMessage.<anonymous> (C:\Program Files (x86)\nodejs\node_modules\npm\node_modules\request\request.js:1153:12)
40 verbose stack     at emitNone (events.js:91:20)
41 verbose statusCode 404
42 verbose pkgid ngCordova
43 verbose cwd C:\Users\RanKey\Desktop\ionic\images
44 error Windows_NT 10.0.14393
45 error argv "C:\\Program Files (x86)\\nodejs\\node.exe" "C:\\Program Files (x86)\\nodejs\\node_modules\\npm\\bin\\npm-cli.js" "install" "--save" "ngCordova"
46 error node v6.9.2
47 error npm  v2.11.3
48 error code E404
49 error 404 Registry returned 404 for GET on https://registry.npmjs.org/ngCordova
49 error 404
49 error 404 'ngCordova' is not in the npm registry.
49 error 404 Your package name is not valid, because
49 error 404
49 error 404  1. name can no longer contain capital letters
49 error 404 It was specified as a dependency of 'images'
49 error 404
49 error 404 Note that you can also install from a
49 error 404 tarball, folder, http url, or git url.
50 verbose exit [ 1, true ]
