0 info it worked if it ends with ok
1 verbose cli [ 'C:\\Program Files (x86)\\nodejs\\node.exe',
1 verbose cli   'C:\\Program Files (x86)\\nodejs\\node_modules\\npm\\bin\\npm-cli.js',
1 verbose cli   'install',
1 verbose cli   'ng-cordova',
1 verbose cli   '--save' ]
2 info using npm@2.11.3
3 info using node@v6.9.2
4 verbose install initial load of C:\Users\RanKey\Desktop\ionic\reddit\package.json
5 warn package.json reddit4chinese@1.1.1 No repository field.
6 warn package.json reddit4chinese@1.1.1 No README data
7 warn package.json reddit4chinese@1.1.1 No license field.
8 verbose installManyTop reading scoped package data from C:\Users\RanKey\Desktop\ionic\reddit\node_modules\abbrev\package.json
9 verbose installManyTop reading scoped package data from C:\Users\RanKey\Desktop\ionic\reddit\node_modules\angular-moment\package.json
10 verbose installManyTop reading scoped package data from C:\Users\RanKey\Desktop\ionic\reddit\node_modules\ansi-regex\package.json
11 verbose installManyTop reading scoped package data from C:\Users\RanKey\Desktop\ionic\reddit\node_modules\ansi-styles\package.json
12 verbose installManyTop reading scoped package data from C:\Users\RanKey\Desktop\ionic\reddit\node_modules\aproba\package.json
13 verbose installManyTop reading scoped package data from C:\Users\RanKey\Desktop\ionic\reddit\node_modules\are-we-there-yet\package.json
14 verbose installManyTop reading scoped package data from C:\Users\RanKey\Desktop\ionic\reddit\node_modules\array-differ\package.json
15 verbose installManyTop reading scoped package data from C:\Users\RanKey\Desktop\ionic\reddit\node_modules\array-find-index\package.json
16 verbose installManyTop reading scoped package data from C:\Users\RanKey\Desktop\ionic\reddit\node_modules\array-index\package.json
17 verbose installManyTop reading scoped package data from C:\Users\RanKey\Desktop\ionic\reddit\node_modules\array-uniq\package.json
18 verbose installManyTop reading scoped package data from C:\Users\RanKey\Desktop\ionic\reddit\node_modules\asn1\package.json
19 verbose installManyTop reading scoped package data from C:\Users\RanKey\Desktop\ionic\reddit\node_modules\assert-plus\package.json
20 verbose installManyTop reading scoped package data from C:\Users\RanKey\Desktop\ionic\reddit\node_modules\async-foreach\package.json
21 verbose installManyTop reading scoped package data from C:\Users\RanKey\Desktop\ionic\reddit\node_modules\asynckit\package.json
22 verbose installManyTop reading scoped package data from C:\Users\RanKey\Desktop\ionic\reddit\node_modules\aws-sign2\package.json
23 verbose installManyTop reading scoped package data from C:\Users\RanKey\Desktop\ionic\reddit\node_modules\aws4\package.json
24 verbose installManyTop reading scoped package data from C:\Users\RanKey\Desktop\ionic\reddit\node_modules\balanced-match\package.json
25 verbose installManyTop reading scoped package data from C:\Users\RanKey\Desktop\ionic\reddit\node_modules\bcrypt-pbkdf\package.json
26 verbose installManyTop reading scoped package data from C:\Users\RanKey\Desktop\ionic\reddit\node_modules\beeper\package.json
27 verbose installManyTop reading scoped package data from C:\Users\RanKey\Desktop\ionic\reddit\node_modules\block-stream\package.json
28 verbose installManyTop reading scoped package data from C:\Users\RanKey\Desktop\ionic\reddit\node_modules\boom\package.json
29 verbose installManyTop reading scoped package data from C:\Users\RanKey\Desktop\ionic\reddit\node_modules\bower\package.json
30 verbose installManyTop reading scoped package data from C:\Users\RanKey\Desktop\ionic\reddit\node_modules\brace-expansion\package.json
31 verbose installManyTop reading scoped package data from C:\Users\RanKey\Desktop\ionic\reddit\node_modules\buffer-shims\package.json
32 verbose installManyTop reading scoped package data from C:\Users\RanKey\Desktop\ionic\reddit\node_modules\builtin-modules\package.json
33 verbose installManyTop reading scoped package data from C:\Users\RanKey\Desktop\ionic\reddit\node_modules\camelcase\package.json
34 verbose installManyTop reading scoped package data from C:\Users\RanKey\Desktop\ionic\reddit\node_modules\camelcase-keys\package.json
35 verbose installManyTop reading scoped package data from C:\Users\RanKey\Desktop\ionic\reddit\node_modules\caseless\package.json
36 verbose installManyTop reading scoped package data from C:\Users\RanKey\Desktop\ionic\reddit\node_modules\chalk\package.json
37 verbose installManyTop reading scoped package data from C:\Users\RanKey\Desktop\ionic\reddit\node_modules\cliui\package.json
38 verbose installManyTop reading scoped package data from C:\Users\RanKey\Desktop\ionic\reddit\node_modules\clone\package.json
39 verbose installManyTop reading scoped package data from C:\Users\RanKey\Desktop\ionic\reddit\node_modules\clone-stats\package.json
40 verbose installManyTop reading scoped package data from C:\Users\RanKey\Desktop\ionic\reddit\node_modules\code-point-at\package.json
41 verbose installManyTop reading scoped package data from C:\Users\RanKey\Desktop\ionic\reddit\node_modules\combined-stream\package.json
42 verbose installManyTop reading scoped package data from C:\Users\RanKey\Desktop\ionic\reddit\node_modules\commander\package.json
43 verbose installManyTop reading scoped package data from C:\Users\RanKey\Desktop\ionic\reddit\node_modules\concat-map\package.json
44 verbose installManyTop reading scoped package data from C:\Users\RanKey\Desktop\ionic\reddit\node_modules\console-control-strings\package.json
45 verbose installManyTop reading scoped package data from C:\Users\RanKey\Desktop\ionic\reddit\node_modules\core-util-is\package.json
46 verbose installManyTop reading scoped package data from C:\Users\RanKey\Desktop\ionic\reddit\node_modules\cross-spawn\package.json
47 verbose installManyTop reading scoped package data from C:\Users\RanKey\Desktop\ionic\reddit\node_modules\cryptiles\package.json
48 verbose installManyTop reading scoped package data from C:\Users\RanKey\Desktop\ionic\reddit\node_modules\currently-unhandled\package.json
49 verbose installManyTop reading scoped package data from C:\Users\RanKey\Desktop\ionic\reddit\node_modules\d\package.json
50 verbose installManyTop reading scoped package data from C:\Users\RanKey\Desktop\ionic\reddit\node_modules\dashdash\package.json
51 verbose installManyTop reading scoped package data from C:\Users\RanKey\Desktop\ionic\reddit\node_modules\dateformat\package.json
52 verbose installManyTop reading scoped package data from C:\Users\RanKey\Desktop\ionic\reddit\node_modules\debug\package.json
53 verbose installManyTop reading scoped package data from C:\Users\RanKey\Desktop\ionic\reddit\node_modules\decamelize\package.json
54 verbose installManyTop reading scoped package data from C:\Users\RanKey\Desktop\ionic\reddit\node_modules\delayed-stream\package.json
55 verbose installManyTop reading scoped package data from C:\Users\RanKey\Desktop\ionic\reddit\node_modules\delegates\package.json
56 verbose installManyTop reading scoped package data from C:\Users\RanKey\Desktop\ionic\reddit\node_modules\duplexer2\package.json
57 verbose installManyTop reading scoped package data from C:\Users\RanKey\Desktop\ionic\reddit\node_modules\ecc-jsbn\package.json
58 verbose installManyTop reading scoped package data from C:\Users\RanKey\Desktop\ionic\reddit\node_modules\error-ex\package.json
59 verbose installManyTop reading scoped package data from C:\Users\RanKey\Desktop\ionic\reddit\node_modules\es5-ext\package.json
60 verbose installManyTop reading scoped package data from C:\Users\RanKey\Desktop\ionic\reddit\node_modules\es6-iterator\package.json
61 verbose installManyTop reading scoped package data from C:\Users\RanKey\Desktop\ionic\reddit\node_modules\es6-symbol\package.json
62 verbose installManyTop reading scoped package data from C:\Users\RanKey\Desktop\ionic\reddit\node_modules\escape-string-regexp\package.json
63 verbose installManyTop reading scoped package data from C:\Users\RanKey\Desktop\ionic\reddit\node_modules\extend\package.json
64 verbose installManyTop reading scoped package data from C:\Users\RanKey\Desktop\ionic\reddit\node_modules\extsprintf\package.json
65 verbose installManyTop reading scoped package data from C:\Users\RanKey\Desktop\ionic\reddit\node_modules\fancy-log\package.json
66 verbose installManyTop reading scoped package data from C:\Users\RanKey\Desktop\ionic\reddit\node_modules\find-up\package.json
67 verbose installManyTop reading scoped package data from C:\Users\RanKey\Desktop\ionic\reddit\node_modules\forever-agent\package.json
68 verbose installManyTop reading scoped package data from C:\Users\RanKey\Desktop\ionic\reddit\node_modules\form-data\package.json
69 verbose installManyTop reading scoped package data from C:\Users\RanKey\Desktop\ionic\reddit\node_modules\fs.realpath\package.json
70 verbose installManyTop reading scoped package data from C:\Users\RanKey\Desktop\ionic\reddit\node_modules\fstream\package.json
71 verbose installManyTop reading scoped package data from C:\Users\RanKey\Desktop\ionic\reddit\node_modules\gauge\package.json
72 verbose installManyTop reading scoped package data from C:\Users\RanKey\Desktop\ionic\reddit\node_modules\gaze\package.json
73 verbose installManyTop reading scoped package data from C:\Users\RanKey\Desktop\ionic\reddit\node_modules\generate-function\package.json
74 verbose installManyTop reading scoped package data from C:\Users\RanKey\Desktop\ionic\reddit\node_modules\generate-object-property\package.json
75 verbose installManyTop reading scoped package data from C:\Users\RanKey\Desktop\ionic\reddit\node_modules\get-caller-file\package.json
76 verbose installManyTop reading scoped package data from C:\Users\RanKey\Desktop\ionic\reddit\node_modules\get-stdin\package.json
77 verbose installManyTop reading scoped package data from C:\Users\RanKey\Desktop\ionic\reddit\node_modules\getpass\package.json
78 verbose installManyTop reading scoped package data from C:\Users\RanKey\Desktop\ionic\reddit\node_modules\glob\package.json
79 verbose installManyTop reading scoped package data from C:\Users\RanKey\Desktop\ionic\reddit\node_modules\globule\package.json
80 verbose installManyTop reading scoped package data from C:\Users\RanKey\Desktop\ionic\reddit\node_modules\glogg\package.json
81 verbose installManyTop reading scoped package data from C:\Users\RanKey\Desktop\ionic\reddit\node_modules\graceful-fs\package.json
82 verbose installManyTop reading scoped package data from C:\Users\RanKey\Desktop\ionic\reddit\node_modules\graceful-readlink\package.json
83 verbose installManyTop reading scoped package data from C:\Users\RanKey\Desktop\ionic\reddit\node_modules\gulp\package.json
84 verbose installManyTop reading scoped package data from C:\Users\RanKey\Desktop\ionic\reddit\node_modules\gulp-concat\package.json
85 verbose installManyTop reading scoped package data from C:\Users\RanKey\Desktop\ionic\reddit\node_modules\gulp-minify-css\package.json
86 verbose installManyTop reading scoped package data from C:\Users\RanKey\Desktop\ionic\reddit\node_modules\gulp-rename\package.json
87 verbose installManyTop reading scoped package data from C:\Users\RanKey\Desktop\ionic\reddit\node_modules\gulp-sass\package.json
88 verbose installManyTop reading scoped package data from C:\Users\RanKey\Desktop\ionic\reddit\node_modules\gulp-util\package.json
89 verbose installManyTop reading scoped package data from C:\Users\RanKey\Desktop\ionic\reddit\node_modules\gulplog\package.json
90 verbose installManyTop reading scoped package data from C:\Users\RanKey\Desktop\ionic\reddit\node_modules\har-validator\package.json
91 verbose installManyTop reading scoped package data from C:\Users\RanKey\Desktop\ionic\reddit\node_modules\has-ansi\package.json
92 verbose installManyTop reading scoped package data from C:\Users\RanKey\Desktop\ionic\reddit\node_modules\has-color\package.json
93 verbose installManyTop reading scoped package data from C:\Users\RanKey\Desktop\ionic\reddit\node_modules\has-gulplog\package.json
94 verbose installManyTop reading scoped package data from C:\Users\RanKey\Desktop\ionic\reddit\node_modules\has-unicode\package.json
95 verbose installManyTop reading scoped package data from C:\Users\RanKey\Desktop\ionic\reddit\node_modules\hawk\package.json
96 verbose installManyTop reading scoped package data from C:\Users\RanKey\Desktop\ionic\reddit\node_modules\hoek\package.json
97 verbose installManyTop reading scoped package data from C:\Users\RanKey\Desktop\ionic\reddit\node_modules\hosted-git-info\package.json
98 verbose installManyTop reading scoped package data from C:\Users\RanKey\Desktop\ionic\reddit\node_modules\http-signature\package.json
99 verbose installManyTop reading scoped package data from C:\Users\RanKey\Desktop\ionic\reddit\node_modules\in-publish\package.json
100 verbose installManyTop reading scoped package data from C:\Users\RanKey\Desktop\ionic\reddit\node_modules\indent-string\package.json
101 verbose installManyTop reading scoped package data from C:\Users\RanKey\Desktop\ionic\reddit\node_modules\inflight\package.json
102 verbose installManyTop reading scoped package data from C:\Users\RanKey\Desktop\ionic\reddit\node_modules\inherits\package.json
103 verbose installManyTop reading scoped package data from C:\Users\RanKey\Desktop\ionic\reddit\node_modules\invert-kv\package.json
104 verbose installManyTop reading scoped package data from C:\Users\RanKey\Desktop\ionic\reddit\node_modules\is-arrayish\package.json
105 verbose installManyTop reading scoped package data from C:\Users\RanKey\Desktop\ionic\reddit\node_modules\is-builtin-module\package.json
106 verbose installManyTop reading scoped package data from C:\Users\RanKey\Desktop\ionic\reddit\node_modules\is-finite\package.json
107 verbose installManyTop reading scoped package data from C:\Users\RanKey\Desktop\ionic\reddit\node_modules\is-fullwidth-code-point\package.json
108 verbose installManyTop reading scoped package data from C:\Users\RanKey\Desktop\ionic\reddit\node_modules\is-my-json-valid\package.json
109 verbose installManyTop reading scoped package data from C:\Users\RanKey\Desktop\ionic\reddit\node_modules\is-property\package.json
110 verbose installManyTop reading scoped package data from C:\Users\RanKey\Desktop\ionic\reddit\node_modules\is-typedarray\package.json
111 verbose installManyTop reading scoped package data from C:\Users\RanKey\Desktop\ionic\reddit\node_modules\is-utf8\package.json
112 verbose installManyTop reading scoped package data from C:\Users\RanKey\Desktop\ionic\reddit\node_modules\isarray\package.json
113 verbose installManyTop reading scoped package data from C:\Users\RanKey\Desktop\ionic\reddit\node_modules\isexe\package.json
114 verbose installManyTop reading scoped package data from C:\Users\RanKey\Desktop\ionic\reddit\node_modules\isstream\package.json
115 verbose installManyTop reading scoped package data from C:\Users\RanKey\Desktop\ionic\reddit\node_modules\jodid25519\package.json
116 verbose installManyTop reading scoped package data from C:\Users\RanKey\Desktop\ionic\reddit\node_modules\jsbn\package.json
117 verbose installManyTop reading scoped package data from C:\Users\RanKey\Desktop\ionic\reddit\node_modules\json-schema\package.json
118 verbose installManyTop reading scoped package data from C:\Users\RanKey\Desktop\ionic\reddit\node_modules\json-stringify-safe\package.json
119 verbose installManyTop reading scoped package data from C:\Users\RanKey\Desktop\ionic\reddit\node_modules\jsonpointer\package.json
120 verbose installManyTop reading scoped package data from C:\Users\RanKey\Desktop\ionic\reddit\node_modules\jsprim\package.json
121 verbose installManyTop reading scoped package data from C:\Users\RanKey\Desktop\ionic\reddit\node_modules\lcid\package.json
122 verbose installManyTop reading scoped package data from C:\Users\RanKey\Desktop\ionic\reddit\node_modules\load-json-file\package.json
123 verbose installManyTop reading scoped package data from C:\Users\RanKey\Desktop\ionic\reddit\node_modules\lodash\package.json
124 verbose installManyTop reading scoped package data from C:\Users\RanKey\Desktop\ionic\reddit\node_modules\lodash._basecopy\package.json
125 verbose installManyTop reading scoped package data from C:\Users\RanKey\Desktop\ionic\reddit\node_modules\lodash._basetostring\package.json
126 verbose installManyTop reading scoped package data from C:\Users\RanKey\Desktop\ionic\reddit\node_modules\lodash._basevalues\package.json
127 verbose installManyTop reading scoped package data from C:\Users\RanKey\Desktop\ionic\reddit\node_modules\lodash._getnative\package.json
128 verbose installManyTop reading scoped package data from C:\Users\RanKey\Desktop\ionic\reddit\node_modules\lodash._isiterateecall\package.json
129 verbose installManyTop reading scoped package data from C:\Users\RanKey\Desktop\ionic\reddit\node_modules\lodash._reescape\package.json
130 verbose installManyTop reading scoped package data from C:\Users\RanKey\Desktop\ionic\reddit\node_modules\lodash._reevaluate\package.json
131 verbose installManyTop reading scoped package data from C:\Users\RanKey\Desktop\ionic\reddit\node_modules\lodash._reinterpolate\package.json
132 verbose installManyTop reading scoped package data from C:\Users\RanKey\Desktop\ionic\reddit\node_modules\lodash._root\package.json
133 verbose installManyTop reading scoped package data from C:\Users\RanKey\Desktop\ionic\reddit\node_modules\lodash.assign\package.json
134 verbose installManyTop reading scoped package data from C:\Users\RanKey\Desktop\ionic\reddit\node_modules\lodash.clonedeep\package.json
135 verbose installManyTop reading scoped package data from C:\Users\RanKey\Desktop\ionic\reddit\node_modules\lodash.escape\package.json
136 verbose installManyTop reading scoped package data from C:\Users\RanKey\Desktop\ionic\reddit\node_modules\lodash.isarguments\package.json
137 verbose installManyTop reading scoped package data from C:\Users\RanKey\Desktop\ionic\reddit\node_modules\lodash.isarray\package.json
138 verbose installManyTop reading scoped package data from C:\Users\RanKey\Desktop\ionic\reddit\node_modules\lodash.keys\package.json
139 verbose installManyTop reading scoped package data from C:\Users\RanKey\Desktop\ionic\reddit\node_modules\lodash.restparam\package.json
140 verbose installManyTop reading scoped package data from C:\Users\RanKey\Desktop\ionic\reddit\node_modules\lodash.template\package.json
141 verbose installManyTop reading scoped package data from C:\Users\RanKey\Desktop\ionic\reddit\node_modules\lodash.templatesettings\package.json
142 verbose installManyTop reading scoped package data from C:\Users\RanKey\Desktop\ionic\reddit\node_modules\loud-rejection\package.json
143 verbose installManyTop reading scoped package data from C:\Users\RanKey\Desktop\ionic\reddit\node_modules\lru-cache\package.json
144 verbose installManyTop reading scoped package data from C:\Users\RanKey\Desktop\ionic\reddit\node_modules\map-obj\package.json
145 verbose installManyTop reading scoped package data from C:\Users\RanKey\Desktop\ionic\reddit\node_modules\meow\package.json
146 verbose installManyTop reading scoped package data from C:\Users\RanKey\Desktop\ionic\reddit\node_modules\mime-db\package.json
147 verbose installManyTop reading scoped package data from C:\Users\RanKey\Desktop\ionic\reddit\node_modules\mime-types\package.json
148 verbose installManyTop reading scoped package data from C:\Users\RanKey\Desktop\ionic\reddit\node_modules\minimatch\package.json
149 verbose installManyTop reading scoped package data from C:\Users\RanKey\Desktop\ionic\reddit\node_modules\minimist\package.json
150 verbose installManyTop reading scoped package data from C:\Users\RanKey\Desktop\ionic\reddit\node_modules\mkdirp\package.json
151 verbose installManyTop reading scoped package data from C:\Users\RanKey\Desktop\ionic\reddit\node_modules\moment\package.json
152 verbose installManyTop reading scoped package data from C:\Users\RanKey\Desktop\ionic\reddit\node_modules\ms\package.json
153 verbose installManyTop reading scoped package data from C:\Users\RanKey\Desktop\ionic\reddit\node_modules\multipipe\package.json
154 verbose installManyTop reading scoped package data from C:\Users\RanKey\Desktop\ionic\reddit\node_modules\nan\package.json
155 verbose installManyTop reading scoped package data from C:\Users\RanKey\Desktop\ionic\reddit\node_modules\node-gyp\package.json
156 verbose installManyTop reading scoped package data from C:\Users\RanKey\Desktop\ionic\reddit\node_modules\node-sass\package.json
157 verbose installManyTop reading scoped package data from C:\Users\RanKey\Desktop\ionic\reddit\node_modules\nopt\package.json
158 verbose installManyTop reading scoped package data from C:\Users\RanKey\Desktop\ionic\reddit\node_modules\normalize-package-data\package.json
159 verbose installManyTop reading scoped package data from C:\Users\RanKey\Desktop\ionic\reddit\node_modules\npmlog\package.json
160 verbose installManyTop reading scoped package data from C:\Users\RanKey\Desktop\ionic\reddit\node_modules\number-is-nan\package.json
161 verbose installManyTop reading scoped package data from C:\Users\RanKey\Desktop\ionic\reddit\node_modules\oauth-sign\package.json
162 verbose installManyTop reading scoped package data from C:\Users\RanKey\Desktop\ionic\reddit\node_modules\object-assign\package.json
163 verbose installManyTop reading scoped package data from C:\Users\RanKey\Desktop\ionic\reddit\node_modules\once\package.json
164 verbose installManyTop reading scoped package data from C:\Users\RanKey\Desktop\ionic\reddit\node_modules\os-homedir\package.json
165 verbose installManyTop reading scoped package data from C:\Users\RanKey\Desktop\ionic\reddit\node_modules\os-locale\package.json
166 verbose installManyTop reading scoped package data from C:\Users\RanKey\Desktop\ionic\reddit\node_modules\os-tmpdir\package.json
167 verbose installManyTop reading scoped package data from C:\Users\RanKey\Desktop\ionic\reddit\node_modules\osenv\package.json
168 verbose installManyTop reading scoped package data from C:\Users\RanKey\Desktop\ionic\reddit\node_modules\parse-json\package.json
169 verbose installManyTop reading scoped package data from C:\Users\RanKey\Desktop\ionic\reddit\node_modules\path-array\package.json
170 verbose installManyTop reading scoped package data from C:\Users\RanKey\Desktop\ionic\reddit\node_modules\path-exists\package.json
171 verbose installManyTop reading scoped package data from C:\Users\RanKey\Desktop\ionic\reddit\node_modules\path-is-absolute\package.json
172 verbose installManyTop reading scoped package data from C:\Users\RanKey\Desktop\ionic\reddit\node_modules\path-type\package.json
173 verbose installManyTop reading scoped package data from C:\Users\RanKey\Desktop\ionic\reddit\node_modules\pify\package.json
174 verbose installManyTop reading scoped package data from C:\Users\RanKey\Desktop\ionic\reddit\node_modules\pinkie\package.json
175 verbose installManyTop reading scoped package data from C:\Users\RanKey\Desktop\ionic\reddit\node_modules\pinkie-promise\package.json
176 verbose installManyTop reading scoped package data from C:\Users\RanKey\Desktop\ionic\reddit\node_modules\process-nextick-args\package.json
177 verbose installManyTop reading scoped package data from C:\Users\RanKey\Desktop\ionic\reddit\node_modules\pseudomap\package.json
178 verbose installManyTop reading scoped package data from C:\Users\RanKey\Desktop\ionic\reddit\node_modules\punycode\package.json
179 verbose installManyTop reading scoped package data from C:\Users\RanKey\Desktop\ionic\reddit\node_modules\qs\package.json
180 verbose installManyTop reading scoped package data from C:\Users\RanKey\Desktop\ionic\reddit\node_modules\read-pkg\package.json
181 verbose installManyTop reading scoped package data from C:\Users\RanKey\Desktop\ionic\reddit\node_modules\read-pkg-up\package.json
182 verbose installManyTop reading scoped package data from C:\Users\RanKey\Desktop\ionic\reddit\node_modules\readable-stream\package.json
183 verbose installManyTop reading scoped package data from C:\Users\RanKey\Desktop\ionic\reddit\node_modules\redent\package.json
184 verbose installManyTop reading scoped package data from C:\Users\RanKey\Desktop\ionic\reddit\node_modules\repeating\package.json
185 verbose installManyTop reading scoped package data from C:\Users\RanKey\Desktop\ionic\reddit\node_modules\replace-ext\package.json
186 verbose installManyTop reading scoped package data from C:\Users\RanKey\Desktop\ionic\reddit\node_modules\request\package.json
187 verbose installManyTop reading scoped package data from C:\Users\RanKey\Desktop\ionic\reddit\node_modules\require-directory\package.json
188 verbose installManyTop reading scoped package data from C:\Users\RanKey\Desktop\ionic\reddit\node_modules\require-main-filename\package.json
189 verbose installManyTop reading scoped package data from C:\Users\RanKey\Desktop\ionic\reddit\node_modules\rimraf\package.json
190 verbose installManyTop reading scoped package data from C:\Users\RanKey\Desktop\ionic\reddit\node_modules\sass-graph\package.json
191 verbose installManyTop reading scoped package data from C:\Users\RanKey\Desktop\ionic\reddit\node_modules\semver\package.json
192 verbose installManyTop reading scoped package data from C:\Users\RanKey\Desktop\ionic\reddit\node_modules\set-blocking\package.json
193 verbose installManyTop reading scoped package data from C:\Users\RanKey\Desktop\ionic\reddit\node_modules\shelljs\package.json
194 verbose installManyTop reading scoped package data from C:\Users\RanKey\Desktop\ionic\reddit\node_modules\signal-exit\package.json
195 verbose installManyTop reading scoped package data from C:\Users\RanKey\Desktop\ionic\reddit\node_modules\sntp\package.json
196 verbose installManyTop reading scoped package data from C:\Users\RanKey\Desktop\ionic\reddit\node_modules\source-map\package.json
197 verbose installManyTop reading scoped package data from C:\Users\RanKey\Desktop\ionic\reddit\node_modules\sparkles\package.json
198 verbose installManyTop reading scoped package data from C:\Users\RanKey\Desktop\ionic\reddit\node_modules\spdx-correct\package.json
199 verbose installManyTop reading scoped package data from C:\Users\RanKey\Desktop\ionic\reddit\node_modules\spdx-expression-parse\package.json
200 verbose installManyTop reading scoped package data from C:\Users\RanKey\Desktop\ionic\reddit\node_modules\spdx-license-ids\package.json
201 verbose installManyTop reading scoped package data from C:\Users\RanKey\Desktop\ionic\reddit\node_modules\sshpk\package.json
202 verbose installManyTop reading scoped package data from C:\Users\RanKey\Desktop\ionic\reddit\node_modules\string-width\package.json
203 verbose installManyTop reading scoped package data from C:\Users\RanKey\Desktop\ionic\reddit\node_modules\string_decoder\package.json
204 verbose installManyTop reading scoped package data from C:\Users\RanKey\Desktop\ionic\reddit\node_modules\stringstream\package.json
205 verbose installManyTop reading scoped package data from C:\Users\RanKey\Desktop\ionic\reddit\node_modules\strip-ansi\package.json
206 verbose installManyTop reading scoped package data from C:\Users\RanKey\Desktop\ionic\reddit\node_modules\strip-bom\package.json
207 verbose installManyTop reading scoped package data from C:\Users\RanKey\Desktop\ionic\reddit\node_modules\strip-indent\package.json
208 verbose installManyTop reading scoped package data from C:\Users\RanKey\Desktop\ionic\reddit\node_modules\supports-color\package.json
209 verbose installManyTop reading scoped package data from C:\Users\RanKey\Desktop\ionic\reddit\node_modules\tar\package.json
210 verbose installManyTop reading scoped package data from C:\Users\RanKey\Desktop\ionic\reddit\node_modules\through2\package.json
211 verbose installManyTop reading scoped package data from C:\Users\RanKey\Desktop\ionic\reddit\node_modules\time-stamp\package.json
212 verbose installManyTop reading scoped package data from C:\Users\RanKey\Desktop\ionic\reddit\node_modules\tough-cookie\package.json
213 verbose installManyTop reading scoped package data from C:\Users\RanKey\Desktop\ionic\reddit\node_modules\trim-newlines\package.json
214 verbose installManyTop reading scoped package data from C:\Users\RanKey\Desktop\ionic\reddit\node_modules\tunnel-agent\package.json
215 verbose installManyTop reading scoped package data from C:\Users\RanKey\Desktop\ionic\reddit\node_modules\tweetnacl\package.json
216 verbose installManyTop reading scoped package data from C:\Users\RanKey\Desktop\ionic\reddit\node_modules\util-deprecate\package.json
217 verbose installManyTop reading scoped package data from C:\Users\RanKey\Desktop\ionic\reddit\node_modules\uuid\package.json
218 verbose installManyTop reading scoped package data from C:\Users\RanKey\Desktop\ionic\reddit\node_modules\validate-npm-package-license\package.json
219 verbose installManyTop reading scoped package data from C:\Users\RanKey\Desktop\ionic\reddit\node_modules\verror\package.json
220 verbose installManyTop reading scoped package data from C:\Users\RanKey\Desktop\ionic\reddit\node_modules\vinyl\package.json
221 verbose installManyTop reading scoped package data from C:\Users\RanKey\Desktop\ionic\reddit\node_modules\vinyl-sourcemaps-apply\package.json
222 verbose installManyTop reading scoped package data from C:\Users\RanKey\Desktop\ionic\reddit\node_modules\which\package.json
223 verbose installManyTop reading scoped package data from C:\Users\RanKey\Desktop\ionic\reddit\node_modules\which-module\package.json
224 verbose installManyTop reading scoped package data from C:\Users\RanKey\Desktop\ionic\reddit\node_modules\wide-align\package.json
225 verbose installManyTop reading scoped package data from C:\Users\RanKey\Desktop\ionic\reddit\node_modules\window-size\package.json
226 verbose installManyTop reading scoped package data from C:\Users\RanKey\Desktop\ionic\reddit\node_modules\wrap-ansi\package.json
227 verbose installManyTop reading scoped package data from C:\Users\RanKey\Desktop\ionic\reddit\node_modules\wrappy\package.json
228 verbose installManyTop reading scoped package data from C:\Users\RanKey\Desktop\ionic\reddit\node_modules\xtend\package.json
229 verbose installManyTop reading scoped package data from C:\Users\RanKey\Desktop\ionic\reddit\node_modules\y18n\package.json
230 verbose installManyTop reading scoped package data from C:\Users\RanKey\Desktop\ionic\reddit\node_modules\yallist\package.json
231 verbose installManyTop reading scoped package data from C:\Users\RanKey\Desktop\ionic\reddit\node_modules\yargs\package.json
232 verbose installManyTop reading scoped package data from C:\Users\RanKey\Desktop\ionic\reddit\node_modules\yargs-parser\package.json
233 info package.json async-foreach@0.1.3 No license field.
234 info package.json bcrypt-pbkdf@1.0.0 No repository field.
235 info package.json duplexer2@0.0.2 license should be a valid SPDX license expression
236 info package.json extsprintf@1.0.2 No license field.
237 info package.json gulp-minify-css@0.3.13 No license field.
238 info package.json gulp-rename@1.2.2 No license field.
239 info package.json gulp-util@2.2.20 No license field.
240 info package.json jsbn@0.1.0 license should be a valid SPDX license expression
241 info package.json json-schema@0.2.3 No license field.
242 info package.json punycode@1.4.1 punycode is also the name of a node core module.
243 info package.json replace-ext@0.0.1 No license field.
244 info package.json shelljs@0.3.0 license should be a valid SPDX license expression
245 info package.json sntp@1.0.9 No license field.
246 info package.json string_decoder@0.10.31 string_decoder is also the name of a node core module.
247 info package.json tweetnacl@0.14.4 license should be a valid SPDX license expression
248 info package.json verror@1.3.6 No license field.
249 verbose readDependencies loading dependencies from C:\Users\RanKey\Desktop\ionic\reddit\package.json
250 silly cache add args [ 'ng-cordova', null ]
251 verbose cache add spec ng-cordova
252 silly cache add parsed spec Result {
252 silly cache add   raw: 'ng-cordova',
252 silly cache add   scope: null,
252 silly cache add   name: 'ng-cordova',
252 silly cache add   rawSpec: '',
252 silly cache add   spec: '*',
252 silly cache add   type: 'range' }
253 silly addNamed ng-cordova@*
254 verbose addNamed "*" is a valid semver range for ng-cordova
255 silly addNameRange { name: 'ng-cordova', range: '*', hasData: false }
256 silly mapToRegistry name ng-cordova
257 silly mapToRegistry using default registry
258 silly mapToRegistry registry https://registry.npmjs.org/
259 silly mapToRegistry uri https://registry.npmjs.org/ng-cordova
260 verbose addNameRange registry:https://registry.npmjs.org/ng-cordova not in flight; fetching
261 verbose request uri https://registry.npmjs.org/ng-cordova
262 verbose request no auth needed
263 info attempt registry request try #1 at 16:33:24
264 verbose request id 04500d7ac31bb7ed
265 verbose etag W/"577d3e08-7027"
266 verbose lastModified Wed, 06 Jul 2016 17:21:12 GMT
267 http request GET https://registry.npmjs.org/ng-cordova
268 http 304 https://registry.npmjs.org/ng-cordova
269 silly get cb [ 304,
269 silly get   { date: 'Sun, 18 Dec 2016 21:33:25 GMT',
269 silly get     via: '1.1 varnish',
269 silly get     'cache-control': 'max-age=300',
269 silly get     etag: 'W/"577d3e08-7027"',
269 silly get     age: '0',
269 silly get     connection: 'keep-alive',
269 silly get     'x-served-by': 'cache-iad2628-IAD',
269 silly get     'x-cache': 'MISS',
269 silly get     'x-cache-hits': '0',
269 silly get     'x-timer': 'S1482096805.104362,VS0,VE2',
269 silly get     vary: 'Accept-Encoding' } ]
270 verbose etag https://registry.npmjs.org/ng-cordova from cache
271 verbose get saving ng-cordova to C:\Users\RanKey\AppData\Roaming\npm-cache\registry.npmjs.org\ng-cordova\.cache.json
272 silly addNameRange number 2 { name: 'ng-cordova', range: '*', hasData: true }
273 silly addNameRange versions [ 'ng-cordova',
273 silly addNameRange   [ '0.1.7-alpha',
273 silly addNameRange     '0.1.10-alpha',
273 silly addNameRange     '0.1.11-alpha',
273 silly addNameRange     '0.1.12-alpha',
273 silly addNameRange     '0.1.15-alpha',
273 silly addNameRange     '0.1.17-alpha',
273 silly addNameRange     '0.1.20-alpha',
273 silly addNameRange     '0.1.21-alpha',
273 silly addNameRange     '0.1.22-alpha',
273 silly addNameRange     '0.1.23-alpha',
273 silly addNameRange     '0.1.24-alpha',
273 silly addNameRange     '0.1.26-alpha',
273 silly addNameRange     '0.1.27-alpha' ] ]
274 verbose stack Error: No compatible version found: ng-cordova@'*'
274 verbose stack Valid install targets:
274 verbose stack ["0.1.7-alpha","0.1.10-alpha","0.1.11-alpha","0.1.12-alpha","0.1.15-alpha","0.1.17-alpha","0.1.20-alpha","0.1.21-alpha","0.1.22-alpha","0.1.23-alpha","0.1.24-alpha","0.1.26-alpha","0.1.27-alpha"]
274 verbose stack
274 verbose stack     at installTargetsError (C:\Program Files (x86)\nodejs\node_modules\npm\lib\cache\add-named.js:274:12)
274 verbose stack     at next (C:\Program Files (x86)\nodejs\node_modules\npm\lib\cache\add-named.js:253:17)
274 verbose stack     at setData (C:\Program Files (x86)\nodejs\node_modules\npm\lib\cache\add-named.js:230:5)
274 verbose stack     at RES (C:\Program Files (x86)\nodejs\node_modules\npm\node_modules\inflight\inflight.js:23:14)
274 verbose stack     at f (C:\Program Files (x86)\nodejs\node_modules\npm\node_modules\once\once.js:17:25)
274 verbose stack     at fixName (C:\Program Files (x86)\nodejs\node_modules\npm\lib\cache\add-named.js:29:5)
274 verbose stack     at saved (C:\Program Files (x86)\nodejs\node_modules\npm\lib\cache\caching-client.js:173:7)
274 verbose stack     at FSReqWrap.oncomplete (fs.js:123:15)
275 verbose cwd C:\Users\RanKey\Desktop\ionic\reddit
276 error Windows_NT 10.0.14393
277 error argv "C:\\Program Files (x86)\\nodejs\\node.exe" "C:\\Program Files (x86)\\nodejs\\node_modules\\npm\\bin\\npm-cli.js" "install" "ng-cordova" "--save"
278 error node v6.9.2
279 error npm  v2.11.3
280 error code ETARGET
281 error notarget No compatible version found: ng-cordova@'*'
281 error notarget Valid install targets:
281 error notarget ["0.1.7-alpha","0.1.10-alpha","0.1.11-alpha","0.1.12-alpha","0.1.15-alpha","0.1.17-alpha","0.1.20-alpha","0.1.21-alpha","0.1.22-alpha","0.1.23-alpha","0.1.24-alpha","0.1.26-alpha","0.1.27-alpha"]
281 error notarget
281 error notarget This is most likely not a problem with npm itself.
281 error notarget In most cases you or one of your dependencies are requesting
281 error notarget a package version that doesn't exist.
281 error notarget
281 error notarget It was specified as a dependency of 'reddit4chinese'
282 verbose exit [ 1, true ]
